Running from: /usr/share/jenkins/jenkins.war
Mar 18, 2018 12:54:10 PM Main deleteWinstoneTempContents
WARNING: Failed to delete the temporary Winstone file /tmp/winstone/jenkins.war
Mar 18, 2018 12:54:10 PM org.eclipse.jetty.util.log.Log initialized
INFO: Logging initialized @401ms to org.eclipse.jetty.util.log.JavaUtilLog
Mar 18, 2018 12:54:10 PM winstone.Logger logInternal
INFO: Beginning extraction from war file
Mar 18, 2018 12:54:10 PM winstone.Logger logInternal
INFO: Winstone shutdown successfully
java.io.FileNotFoundException: /var/cache/jenkins/war/META-INF/MANIFEST.MF (No such file or directory)
	at java.io.FileOutputStream.open0(Native Method)
	at java.io.FileOutputStream.open(FileOutputStream.java:270)
	at java.io.FileOutputStream.<init>(FileOutputStream.java:213)
	at java.io.FileOutputStream.<init>(FileOutputStream.java:162)
	at winstone.HostConfiguration.getWebRoot(HostConfiguration.java:275)
	at winstone.HostConfiguration.<init>(HostConfiguration.java:81)
	at winstone.HostGroup.initHost(HostGroup.java:66)
	at winstone.HostGroup.<init>(HostGroup.java:45)
	at winstone.Launcher.<init>(Launcher.java:145)
	at winstone.Launcher.main(Launcher.java:354)
	at sun.reflect.NativeMethodAccessorImpl.invoke0(Native Method)
	at sun.reflect.NativeMethodAccessorImpl.invoke(NativeMethodAccessorImpl.java:62)
	at sun.reflect.DelegatingMethodAccessorImpl.invoke(DelegatingMethodAccessorImpl.java:43)
	at java.lang.reflect.Method.invoke(Method.java:498)
	at Main._main(Main.java:309)
	at Main.main(Main.java:132)
Mar 18, 2018 12:54:10 PM winstone.Logger logInternal
SEVERE: Container startup failed
java.io.FileNotFoundException: /var/cache/jenkins/war/META-INF/MANIFEST.MF (No such file or directory)
	at java.io.FileOutputStream.open0(Native Method)
	at java.io.FileOutputStream.open(FileOutputStream.java:270)
	at java.io.FileOutputStream.<init>(FileOutputStream.java:213)
	at java.io.FileOutputStream.<init>(FileOutputStream.java:162)
	at winstone.HostConfiguration.getWebRoot(HostConfiguration.java:275)
	at winstone.HostConfiguration.<init>(HostConfiguration.java:81)
	at winstone.HostGroup.initHost(HostGroup.java:66)
	at winstone.HostGroup.<init>(HostGroup.java:45)
	at winstone.Launcher.<init>(Launcher.java:145)
	at winstone.Launcher.main(Launcher.java:354)
	at sun.reflect.NativeMethodAccessorImpl.invoke0(Native Method)
	at sun.reflect.NativeMethodAccessorImpl.invoke(NativeMethodAccessorImpl.java:62)
	at sun.reflect.DelegatingMethodAccessorImpl.invoke(DelegatingMethodAccessorImpl.java:43)
	at java.lang.reflect.Method.invoke(Method.java:498)
	at Main._main(Main.java:309)
	at Main.main(Main.java:132)

